<?xml version="1.0" encoding="UTF-8"?>
<testsuites name="brochure" time="16" tests="6" failures="0" errors="0">
   <testsuite name="brochure" tests="6" failures="0" errors="0" time="16" timestamp="2019-01-24 11:19:10" hostname="builder - Z840-02.ZL.LIMITED" id="Test Suites/brochure">
      <properties>
         <property name="deviceName" value=""/>
         <property name="devicePlatform" value=""/>
         <property name="logFolder" value="C:\\Users\\builder\\Desktop\\katalon\\Automation\\Reports\\brochure\\20190124_111908"/>
         <property name="logFiles" value="C:\\Users\\builder\\Desktop\\katalon\\Automation\\Reports\\brochure\\20190124_111908\\execution0.log"/>
         <property name="attachments" value=""/>
         <property name="hostName" value="builder - Z840-02.ZL.LIMITED"/>
         <property name="os" value="Windows 8.1 64bit"/>
         <property name="katalonVersion" value="5.10.1.1"/>
         <property name="browser" value="Chrome 71.0.3578.98"/>
         <property name="hostAddress" value="172.20.8.47"/>
         <property name="sessionId" value="afe93cf2fec0620c41ebc68186a6fb4d"/>
         <property name="seleniumVersion" value="3.7.1"/>
         <property name="proxyInformation" value="ProxyInformation{proxyOption=NO_PROXY, proxyServerType=HTTP, password=, proxyServerAddress=, proxyServerPort=0}"/>
         <property name="platform" value="Windows 8.1"/>
      </properties>
      <testcase name="Test Cases/spolight/logging in/login" classname="Test Cases/spolight/logging in/login" status="PASSED">
         <system-out><![CDATA[2019-01-24 11:19:10 - [TEST_CASE][PASSED] - Test Cases/spolight/logging in/login: Test Cases/spolight/logging in/login

2019-01-24 11:19:10 - [TEST_STEP][PASSED] - openBrowser(""): Browser is opened with url: ''

2019-01-24 11:19:11 - [MESSAGE][INFO] - Starting 'Chrome' driver

2019-01-24 11:19:11 - [MESSAGE][INFO] - Action delay is set to 0 seconds

2019-01-24 11:19:14 - [MESSAGE][PASSED] - Browser is opened with url: ''

2019-01-24 11:19:14 - [TEST_STEP][PASSED] - navigateToUrl("https://spotlightsuite.com/auth/login"): Navigate to 'https://spotlightsuite.com/auth/login' successfully

2019-01-24 11:19:15 - [MESSAGE][PASSED] - Navigate to 'https://spotlightsuite.com/auth/login' successfully

2019-01-24 11:19:15 - [TEST_STEP][PASSED] - maximizeWindow(): Current window maximized

2019-01-24 11:19:17 - [MESSAGE][PASSED] - Current window maximized

2019-01-24 11:19:17 - [TEST_STEP][PASSED] - waitForPageLoad(0): Wait for page load successfully

2019-01-24 11:19:17 - [MESSAGE][WARNING] - Timeout '0' is invalid. Using default page load timeout: '30'

2019-01-24 11:19:17 - [MESSAGE][PASSED] - Wait for page load successfully

2019-01-24 11:19:17 - [TEST_STEP][PASSED] - click(findTestObject("Page_SpotLight  Login/input_Email_undefined-Email-un")): Object: 'Object Repository/Page_SpotLight  Login/input_Email_undefined-Email-un' is clicked on

2019-01-24 11:19:17 - [MESSAGE][PASSED] - Object: 'Object Repository/Page_SpotLight  Login/input_Email_undefined-Email-un' is clicked on

2019-01-24 11:19:17 - [TEST_STEP][PASSED] - sendKeys(findTestObject("Page_SpotLight  Login/input_Email_undefined-Email-un"), findTestData("login spotlight").getValue(1, 1)): Keys 'jack.fletcher' sent to object: 'Object Repository/Page_SpotLight  Login/input_Email_undefined-Email-un'

2019-01-24 11:19:17 - [MESSAGE][PASSED] - Keys 'jack.fletcher' sent to object: 'Object Repository/Page_SpotLight  Login/input_Email_undefined-Email-un'

2019-01-24 11:19:17 - [TEST_STEP][PASSED] - click(findTestObject("Page_SpotLight  Login/input_Password_undefined-Passw")): Object: 'Object Repository/Page_SpotLight  Login/input_Password_undefined-Passw' is clicked on

2019-01-24 11:19:17 - [MESSAGE][PASSED] - Object: 'Object Repository/Page_SpotLight  Login/input_Password_undefined-Passw' is clicked on

2019-01-24 11:19:17 - [TEST_STEP][PASSED] - sendKeys(findTestObject("Page_SpotLight  Login/input_Password_undefined-Passw"), findTestData("login spotlight").getValue(2, 1)): Keys '11235813Drag0nforc' sent to object: 'Object Repository/Page_SpotLight  Login/input_Password_undefined-Passw'

2019-01-24 11:19:18 - [MESSAGE][PASSED] - Keys '11235813Drag0nforc' sent to object: 'Object Repository/Page_SpotLight  Login/input_Password_undefined-Passw'

2019-01-24 11:19:18 - [TEST_STEP][PASSED] - click(findTestObject("Page_SpotLight  Login/input_Forgot my password_Butto")): Object: 'Object Repository/Page_SpotLight  Login/input_Forgot my password_Butto' is clicked on

2019-01-24 11:19:18 - [MESSAGE][PASSED] - Object: 'Object Repository/Page_SpotLight  Login/input_Forgot my password_Butto' is clicked on]]></system-out>
         <system-err><![CDATA[]]></system-err>
      </testcase>
      <testcase name="Test Cases/spolight/service choice/zlcc stage" classname="Test Cases/spolight/service choice/zlcc stage" status="PASSED">
         <system-out><![CDATA[2019-01-24 11:19:18 - [TEST_CASE][PASSED] - Test Cases/spolight/service choice/zlcc stage: Test Cases/spolight/service choice/zlcc stage

2019-01-24 11:19:18 - [TEST_STEP][PASSED] - click(findTestObject("Page_SpotLight  Login/button_ZLCC Stage")): Object: 'Object Repository/Page_SpotLight  Login/button_ZLCC Stage' is clicked on

2019-01-24 11:19:19 - [MESSAGE][PASSED] - Object: 'Object Repository/Page_SpotLight  Login/button_ZLCC Stage' is clicked on

2019-01-24 11:19:19 - [TEST_STEP][PASSED] - delay(1): Delayed 1 second(s)

2019-01-24 11:19:20 - [MESSAGE][PASSED] - Delayed 1 second(s)

2019-01-24 11:19:20 - [TEST_STEP][PASSED] - click(findTestObject("Services/li_ZLCC Stage")): Object: 'Object Repository/Services/li_ZLCC Stage' is clicked on

2019-01-24 11:19:20 - [MESSAGE][PASSED] - Object: 'Object Repository/Services/li_ZLCC Stage' is clicked on

2019-01-24 11:19:20 - [TEST_STEP][PASSED] - click(findTestObject("Page_SpotLight  Login/input_ZLCC Stage_Button__Super")): Object: 'Object Repository/Page_SpotLight  Login/input_ZLCC Stage_Button__Super' is clicked on

2019-01-24 11:19:20 - [MESSAGE][PASSED] - Object: 'Object Repository/Page_SpotLight  Login/input_ZLCC Stage_Button__Super' is clicked on]]></system-out>
         <system-err><![CDATA[]]></system-err>
      </testcase>
      <testcase name="Test Cases/spolight/Select Your Application/Bespoke - Brochure" classname="Test Cases/spolight/Select Your Application/Bespoke - Brochure" status="PASSED">
         <system-out><![CDATA[2019-01-24 11:19:20 - [TEST_CASE][PASSED] - Test Cases/spolight/Select Your Application/Bespoke - Brochure: Test Cases/spolight/Select Your Application/Bespoke - Brochure

2019-01-24 11:19:20 - [TEST_STEP][PASSED] - click(findTestObject("pick your apps/Page_SpotLight  Select App - bespoke borchure/a")): Object: 'Object Repository/pick your apps/Page_SpotLight  Select App - bespoke borchure/a' is clicked on

2019-01-24 11:19:22 - [MESSAGE][PASSED] - Object: 'Object Repository/pick your apps/Page_SpotLight  Select App - bespoke borchure/a' is clicked on

2019-01-24 11:19:22 - [TEST_STEP][PASSED] - delay(1): Delayed 1 second(s)

2019-01-24 11:19:23 - [MESSAGE][PASSED] - Delayed 1 second(s)

2019-01-24 11:19:23 - [TEST_STEP][PASSED] - click(findTestObject("pick your apps/Page_SpotLight  Select App - bespoke borchure/button_Open Application")): Object: 'Object Repository/pick your apps/Page_SpotLight  Select App - bespoke borchure/button_Open Application' is clicked on

2019-01-24 11:19:23 - [MESSAGE][PASSED] - Object: 'Object Repository/pick your apps/Page_SpotLight  Select App - bespoke borchure/button_Open Application' is clicked on]]></system-out>
         <system-err><![CDATA[]]></system-err>
      </testcase>
      <testcase name="Test Cases/spolight/cars/Audi A5" classname="Test Cases/spolight/cars/Audi A5" status="PASSED">
         <system-out><![CDATA[2019-01-24 11:19:23 - [TEST_CASE][PASSED] - Test Cases/spolight/cars/Audi A5: Test Cases/spolight/cars/Audi A5

2019-01-24 11:19:23 - [TEST_STEP][PASSED] - click(findTestObject("Page_SpotLight  Select Car/div_Audi a5 2018")): Object: 'Object Repository/Page_SpotLight  Select Car/div_Audi a5 2018' is clicked on

2019-01-24 11:19:23 - [MESSAGE][PASSED] - Object: 'Object Repository/Page_SpotLight  Select Car/div_Audi a5 2018' is clicked on]]></system-out>
         <system-err><![CDATA[]]></system-err>
      </testcase>
      <testcase name="Test Cases/spolight/Bespoke Brochure Panels/Add to cart/add to Cart" classname="Test Cases/spolight/Bespoke Brochure Panels/Add to cart/add to Cart" status="PASSED">
         <system-out><![CDATA[2019-01-24 11:19:23 - [TEST_CASE][PASSED] - Test Cases/spolight/Bespoke Brochure Panels/Add to cart/add to Cart: Test Cases/spolight/Bespoke Brochure Panels/Add to cart/add to Cart

2019-01-24 11:19:23 - [TEST_STEP][PASSED] - click(findTestObject("Bespoke_Brochure/add to cart/Page_SpotLight  Bespoke BROCHURE/a_Add to cart")): Object: 'Object Repository/Bespoke_Brochure/add to cart/Page_SpotLight  Bespoke BROCHURE/a_Add to cart' is clicked on

2019-01-24 11:19:23 - [MESSAGE][PASSED] - Object: 'Object Repository/Bespoke_Brochure/add to cart/Page_SpotLight  Bespoke BROCHURE/a_Add to cart' is clicked on]]></system-out>
         <system-err><![CDATA[]]></system-err>
      </testcase>
      <testcase name="Test Cases/spolight/Bespoke Brochure Panels/Add to cart/Shopping cart" classname="Test Cases/spolight/Bespoke Brochure Panels/Add to cart/Shopping cart" status="PASSED">
         <system-out><![CDATA[2019-01-24 11:19:23 - [TEST_CASE][PASSED] - Test Cases/spolight/Bespoke Brochure Panels/Add to cart/Shopping cart: Test Cases/spolight/Bespoke Brochure Panels/Add to cart/Shopping cart

2019-01-24 11:19:23 - [TEST_STEP][PASSED] - click(findTestObject("Bespoke Video/shopping cart/Page_SpotLight  Bespoke Video/a_2")): Object: 'Object Repository/Bespoke Video/shopping cart/Page_SpotLight  Bespoke Video/a_2' is clicked on

2019-01-24 11:19:24 - [MESSAGE][PASSED] - Object: 'Object Repository/Bespoke Video/shopping cart/Page_SpotLight  Bespoke Video/a_2' is clicked on

2019-01-24 11:19:24 - [TEST_STEP][PASSED] - click(findTestObject("Bespoke Video/shopping cart/Page_SpotLight  Bespoke Video/button_Confirm")): Object: 'Object Repository/Bespoke Video/shopping cart/Page_SpotLight  Bespoke Video/button_Confirm' is clicked on

2019-01-24 11:19:24 - [MESSAGE][PASSED] - Object: 'Object Repository/Bespoke Video/shopping cart/Page_SpotLight  Bespoke Video/button_Confirm' is clicked on

2019-01-24 11:19:24 - [TEST_STEP][PASSED] - delay(2): Delayed 2 second(s)

2019-01-24 11:19:26 - [MESSAGE][PASSED] - Delayed 2 second(s)

2019-01-24 11:19:26 - [TEST_STEP][PASSED] - click(findTestObject("Bespoke_Brochure/add to cart/Page_SpotLight  Bespoke BROCHURE/div_Page18_SliderContent__Slid")): Object: 'Object Repository/Bespoke_Brochure/add to cart/Page_SpotLight  Bespoke BROCHURE/div_Page18_SliderContent__Slid' is clicked on

2019-01-24 11:19:26 - [MESSAGE][PASSED] - Object: 'Object Repository/Bespoke_Brochure/add to cart/Page_SpotLight  Bespoke BROCHURE/div_Page18_SliderContent__Slid' is clicked on]]></system-out>
         <system-err><![CDATA[]]></system-err>
      </testcase>
      <system-out><![CDATA[2019-01-24 11:19:10 - [TEST_SUITE][PASSED] - brochure: Test Cases/spolight/Bespoke Brochure Panels/Add to cart/Shopping cart]]></system-out>
      <system-err><![CDATA[]]></system-err>
   </testsuite>
</testsuites>
