<?xml version="1.0" encoding="UTF-8"?>
<testsuites name="shutter-pack" time="87" tests="6" failures="0" errors="0">
   <testsuite name="shutter-pack" tests="6" failures="0" errors="0" time="87" timestamp="2019-01-24 15:49:47" hostname="builder - Z840-02.ZL.LIMITED" id="Test Suites/shutter-pack">
      <properties>
         <property name="deviceName" value=""/>
         <property name="devicePlatform" value=""/>
         <property name="logFolder" value="C:\\Users\\builder\\Desktop\\katalon\\Automation\\Reports\\shutter-pack\\20190124_154946"/>
         <property name="logFiles" value="C:\\Users\\builder\\Desktop\\katalon\\Automation\\Reports\\shutter-pack\\20190124_154946\\execution0.log"/>
         <property name="attachments" value="C:\\screenshots\\test.png"/>
         <property name="hostName" value="builder - Z840-02.ZL.LIMITED"/>
         <property name="os" value="Windows 8.1 64bit"/>
         <property name="katalonVersion" value="5.10.1.1"/>
         <property name="browser" value="Chrome 71.0.3578.98"/>
         <property name="hostAddress" value="172.20.8.47"/>
         <property name="sessionId" value="36bba74a38fcd6f467b40840bfe857c9"/>
         <property name="seleniumVersion" value="3.7.1"/>
         <property name="proxyInformation" value="ProxyInformation{proxyOption=NO_PROXY, proxyServerType=HTTP, password=, proxyServerAddress=, proxyServerPort=0}"/>
         <property name="platform" value="Windows 8.1"/>
      </properties>
      <testcase name="Test Cases/spolight/logging in/login" classname="Test Cases/spolight/logging in/login" status="PASSED">
         <system-out><![CDATA[2019-01-24 15:49:48 - [TEST_CASE][PASSED] - Test Cases/spolight/logging in/login: Test Cases/spolight/logging in/login

2019-01-24 15:49:48 - [TEST_STEP][PASSED] - openBrowser(""): Browser is opened with url: ''

2019-01-24 15:49:48 - [MESSAGE][INFO] - Starting 'Chrome' driver

2019-01-24 15:49:48 - [MESSAGE][INFO] - Action delay is set to 0 seconds

2019-01-24 15:49:51 - [MESSAGE][PASSED] - Browser is opened with url: ''

2019-01-24 15:49:51 - [TEST_STEP][PASSED] - navigateToUrl("https://spotlightsuite.com/auth/login"): Navigate to 'https://spotlightsuite.com/auth/login' successfully

2019-01-24 15:49:52 - [MESSAGE][PASSED] - Navigate to 'https://spotlightsuite.com/auth/login' successfully

2019-01-24 15:49:52 - [TEST_STEP][PASSED] - maximizeWindow(): Current window maximized

2019-01-24 15:49:53 - [MESSAGE][PASSED] - Current window maximized

2019-01-24 15:49:53 - [TEST_STEP][PASSED] - waitForPageLoad(0): Wait for page load successfully

2019-01-24 15:49:53 - [MESSAGE][WARNING] - Timeout '0' is invalid. Using default page load timeout: '30'

2019-01-24 15:49:53 - [MESSAGE][PASSED] - Wait for page load successfully

2019-01-24 15:49:53 - [TEST_STEP][PASSED] - click(findTestObject("Page_SpotLight  Login/input_Email_undefined-Email-un")): Object: 'Object Repository/Page_SpotLight  Login/input_Email_undefined-Email-un' is clicked on

2019-01-24 15:49:53 - [MESSAGE][PASSED] - Object: 'Object Repository/Page_SpotLight  Login/input_Email_undefined-Email-un' is clicked on

2019-01-24 15:49:53 - [TEST_STEP][PASSED] - sendKeys(findTestObject("Page_SpotLight  Login/input_Email_undefined-Email-un"), findTestData("login spotlight").getValue(1, 1)): Keys 'jack.fletcher' sent to object: 'Object Repository/Page_SpotLight  Login/input_Email_undefined-Email-un'

2019-01-24 15:49:54 - [MESSAGE][PASSED] - Keys 'jack.fletcher' sent to object: 'Object Repository/Page_SpotLight  Login/input_Email_undefined-Email-un'

2019-01-24 15:49:54 - [TEST_STEP][PASSED] - click(findTestObject("Page_SpotLight  Login/input_Password_undefined-Passw")): Object: 'Object Repository/Page_SpotLight  Login/input_Password_undefined-Passw' is clicked on

2019-01-24 15:49:54 - [MESSAGE][PASSED] - Object: 'Object Repository/Page_SpotLight  Login/input_Password_undefined-Passw' is clicked on

2019-01-24 15:49:54 - [TEST_STEP][PASSED] - sendKeys(findTestObject("Page_SpotLight  Login/input_Password_undefined-Passw"), findTestData("login spotlight").getValue(2, 1)): Keys '11235813Drag0nforc' sent to object: 'Object Repository/Page_SpotLight  Login/input_Password_undefined-Passw'

2019-01-24 15:49:54 - [MESSAGE][PASSED] - Keys '11235813Drag0nforc' sent to object: 'Object Repository/Page_SpotLight  Login/input_Password_undefined-Passw'

2019-01-24 15:49:54 - [TEST_STEP][PASSED] - click(findTestObject("Page_SpotLight  Login/input_Forgot my password_Butto")): Object: 'Object Repository/Page_SpotLight  Login/input_Forgot my password_Butto' is clicked on

2019-01-24 15:49:54 - [MESSAGE][PASSED] - Object: 'Object Repository/Page_SpotLight  Login/input_Forgot my password_Butto' is clicked on]]></system-out>
         <system-err><![CDATA[]]></system-err>
      </testcase>
      <testcase name="Test Cases/spolight/service choice/zlcc stage" classname="Test Cases/spolight/service choice/zlcc stage" status="PASSED">
         <system-out><![CDATA[2019-01-24 15:49:54 - [TEST_CASE][PASSED] - Test Cases/spolight/service choice/zlcc stage: Test Cases/spolight/service choice/zlcc stage

2019-01-24 15:49:54 - [TEST_STEP][PASSED] - click(findTestObject("Page_SpotLight  Login/button_ZLCC Stage")): Object: 'Object Repository/Page_SpotLight  Login/button_ZLCC Stage' is clicked on

2019-01-24 15:49:55 - [MESSAGE][PASSED] - Object: 'Object Repository/Page_SpotLight  Login/button_ZLCC Stage' is clicked on

2019-01-24 15:49:55 - [TEST_STEP][PASSED] - delay(1): Delayed 1 second(s)

2019-01-24 15:49:56 - [MESSAGE][PASSED] - Delayed 1 second(s)

2019-01-24 15:49:56 - [TEST_STEP][PASSED] - click(findTestObject("Services/li_ZLCC Stage")): Object: 'Object Repository/Services/li_ZLCC Stage' is clicked on

2019-01-24 15:49:56 - [MESSAGE][PASSED] - Object: 'Object Repository/Services/li_ZLCC Stage' is clicked on

2019-01-24 15:49:56 - [TEST_STEP][PASSED] - click(findTestObject("Page_SpotLight  Login/input_ZLCC Stage_Button__Super")): Object: 'Object Repository/Page_SpotLight  Login/input_ZLCC Stage_Button__Super' is clicked on

2019-01-24 15:49:56 - [MESSAGE][PASSED] - Object: 'Object Repository/Page_SpotLight  Login/input_ZLCC Stage_Button__Super' is clicked on]]></system-out>
         <system-err><![CDATA[]]></system-err>
      </testcase>
      <testcase name="Test Cases/spolight/Select Your Application/Shutter" classname="Test Cases/spolight/Select Your Application/Shutter" status="PASSED">
         <system-out><![CDATA[2019-01-24 15:49:56 - [TEST_CASE][PASSED] - Test Cases/spolight/Select Your Application/Shutter: Test Cases/spolight/Select Your Application/Shutter

2019-01-24 15:49:56 - [TEST_STEP][PASSED] - click(findTestObject("pick your apps/Page_SpotLight  Select App - shutter/a")): Object: 'Object Repository/pick your apps/Page_SpotLight  Select App - shutter/a' is clicked on

2019-01-24 15:49:57 - [MESSAGE][PASSED] - Object: 'Object Repository/pick your apps/Page_SpotLight  Select App - shutter/a' is clicked on

2019-01-24 15:49:57 - [TEST_STEP][PASSED] - delay(1): Delayed 1 second(s)

2019-01-24 15:49:58 - [MESSAGE][PASSED] - Delayed 1 second(s)

2019-01-24 15:49:58 - [TEST_STEP][PASSED] - click(findTestObject("pick your apps/Page_SpotLight  Select App - shutter/button_Open Application")): Object: 'Object Repository/pick your apps/Page_SpotLight  Select App - shutter/button_Open Application' is clicked on

2019-01-24 15:49:59 - [MESSAGE][PASSED] - Object: 'Object Repository/pick your apps/Page_SpotLight  Select App - shutter/button_Open Application' is clicked on]]></system-out>
         <system-err><![CDATA[]]></system-err>
      </testcase>
      <testcase name="Test Cases/spolight/cars/Audi A5" classname="Test Cases/spolight/cars/Audi A5" status="PASSED">
         <system-out><![CDATA[2019-01-24 15:49:59 - [TEST_CASE][PASSED] - Test Cases/spolight/cars/Audi A5: Test Cases/spolight/cars/Audi A5

2019-01-24 15:49:59 - [TEST_STEP][PASSED] - click(findTestObject("Page_SpotLight  Select Car/div_Audi a5 2018")): Object: 'Object Repository/Page_SpotLight  Select Car/div_Audi a5 2018' is clicked on

2019-01-24 15:49:59 - [MESSAGE][PASSED] - Object: 'Object Repository/Page_SpotLight  Select Car/div_Audi a5 2018' is clicked on]]></system-out>
         <system-err><![CDATA[]]></system-err>
      </testcase>
      <testcase name="Test Cases/spolight/Shutter-Pro Panels/Save Shots/Quick Shot" classname="Test Cases/spolight/Shutter-Pro Panels/Save Shots/Quick Shot" status="PASSED">
         <system-out><![CDATA[2019-01-24 15:49:59 - [TEST_CASE][PASSED] - Test Cases/spolight/Shutter-Pro Panels/Save Shots/Quick Shot: Test Cases/spolight/Shutter-Pro Panels/Save Shots/Quick Shot

2019-01-24 15:49:59 - [TEST_STEP][PASSED] - waitForElementClickable(findTestObject("Audi A5/Animations/Page_SpotLight  Shutter/Page_SpotLight  Shutter/img_Multi Shot_ZlUiIconButton_"), 100): Object 'Object Repository/Audi A5/Animations/Page_SpotLight  Shutter/Page_SpotLight  Shutter/img_Multi Shot_ZlUiIconButton_' is clickable

2019-01-24 15:50:09 - [MESSAGE][PASSED] - Object 'Object Repository/Audi A5/Animations/Page_SpotLight  Shutter/Page_SpotLight  Shutter/img_Multi Shot_ZlUiIconButton_' is clickable

2019-01-24 15:50:09 - [TEST_STEP][PASSED] - click(findTestObject("Shutter buttons/saving shots/a_Quick Shot")): Object: 'Object Repository/Shutter buttons/saving shots/a_Quick Shot' is clicked on

2019-01-24 15:50:10 - [MESSAGE][PASSED] - Object: 'Object Repository/Shutter buttons/saving shots/a_Quick Shot' is clicked on]]></system-out>
         <system-err><![CDATA[]]></system-err>
      </testcase>
      <testcase name="Test Cases/spolight/Shutter-Pro Panels/view content/content" classname="Test Cases/spolight/Shutter-Pro Panels/view content/content" status="PASSED">
         <system-out><![CDATA[2019-01-24 15:50:10 - [TEST_CASE][PASSED] - Test Cases/spolight/Shutter-Pro Panels/view content/content: Test Cases/spolight/Shutter-Pro Panels/view content/content

2019-01-24 15:50:10 - [TEST_STEP][PASSED] - delay(60): Delayed 60 second(s)

2019-01-24 15:51:10 - [MESSAGE][PASSED] - Delayed 60 second(s)

2019-01-24 15:51:10 - [TEST_STEP][PASSED] - waitForElementClickable(findTestObject("manageSettings/Page_SpotLight  Shutter/li_ShutterSingle Shot024808 pm"), 0): Object 'Object Repository/manageSettings/Page_SpotLight  Shutter/li_ShutterSingle Shot024808 pm' is clickable

2019-01-24 15:51:10 - [MESSAGE][WARNING] - Timeout '0' is invalid. Using default page load timeout: '30'

2019-01-24 15:51:10 - [MESSAGE][PASSED] - Object 'Object Repository/manageSettings/Page_SpotLight  Shutter/li_ShutterSingle Shot024808 pm' is clickable

2019-01-24 15:51:10 - [TEST_STEP][PASSED] - click(findTestObject("manageSettings/Page_SpotLight  Shutter/li_ShutterSingle Shot024808 pm")): Object: 'Object Repository/manageSettings/Page_SpotLight  Shutter/li_ShutterSingle Shot024808 pm' is clicked on

2019-01-24 15:51:10 - [MESSAGE][PASSED] - Object: 'Object Repository/manageSettings/Page_SpotLight  Shutter/li_ShutterSingle Shot024808 pm' is clicked on

2019-01-24 15:51:10 - [TEST_STEP][PASSED] - delay(1): Delayed 1 second(s)

2019-01-24 15:51:11 - [MESSAGE][PASSED] - Delayed 1 second(s)

2019-01-24 15:51:11 - [TEST_STEP][PASSED] - click(findTestObject("manageSettings/Page_SpotLight  Shutter/viewImage")): Object: 'Object Repository/manageSettings/Page_SpotLight  Shutter/viewImage' is clicked on

2019-01-24 15:51:11 - [MESSAGE][PASSED] - Object: 'Object Repository/manageSettings/Page_SpotLight  Shutter/viewImage' is clicked on

2019-01-24 15:51:11 - [TEST_STEP][PASSED] - delay(1): Delayed 1 second(s)

2019-01-24 15:51:12 - [MESSAGE][PASSED] - Delayed 1 second(s)

2019-01-24 15:51:12 - [TEST_STEP][PASSED] - title = getWindowIndex(): Current window's index is: 0

2019-01-24 15:51:12 - [MESSAGE][PASSED] - Current window's index is: 0

2019-01-24 15:51:12 - [TEST_STEP][PASSED] - switchToWindowIndex(1): Switched to window with index: '1'

2019-01-24 15:51:12 - [MESSAGE][PASSED] - Switched to window with index: '1'

2019-01-24 15:51:12 - [TEST_STEP][PASSED] - takeScreenshot("C:\screenshots\test.png"): Taking screenshot successfully

2019-01-24 15:51:14 - [MESSAGE][PASSED] - Taking screenshot successfully
[[ATTACHMENT|C:\\screenshots\\test.png]]

2019-01-24 15:51:14 - [TEST_STEP][PASSED] - closeWindowIndex(1): Window with index 1 is closed

2019-01-24 15:51:14 - [MESSAGE][PASSED] - Window with index 1 is closed]]></system-out>
         <system-err><![CDATA[]]></system-err>
      </testcase>
      <system-out><![CDATA[2019-01-24 15:49:47 - [TEST_SUITE][PASSED] - shutter-pack: Test Cases/spolight/Shutter-Pro Panels/view content/content]]></system-out>
      <system-err><![CDATA[]]></system-err>
   </testsuite>
</testsuites>
