<?xml version="1.0" encoding="UTF-8"?>
<testsuites name="video" time="126" tests="6" failures="0" errors="0">
   <testsuite name="video" tests="6" failures="0" errors="0" time="126" timestamp="2019-01-24 15:57:05" hostname="builder - Z840-02.ZL.LIMITED" id="Test Suites/video">
      <properties>
         <property name="deviceName" value=""/>
         <property name="devicePlatform" value=""/>
         <property name="logFolder" value="C:\\Users\\builder\\Desktop\\katalon\\Automation\\Reports\\video\\20190124_155704"/>
         <property name="logFiles" value="C:\\Users\\builder\\Desktop\\katalon\\Automation\\Reports\\video\\20190124_155704\\execution0.log"/>
         <property name="attachments" value="C:\\screenshots\\test.png"/>
         <property name="hostName" value="builder - Z840-02.ZL.LIMITED"/>
         <property name="os" value="Windows 8.1 64bit"/>
         <property name="katalonVersion" value="5.10.1.1"/>
         <property name="browser" value="Chrome 71.0.3578.98"/>
         <property name="hostAddress" value="172.20.8.47"/>
         <property name="sessionId" value="473f770e938fec6632f517685cfc9701"/>
         <property name="seleniumVersion" value="3.7.1"/>
         <property name="proxyInformation" value="ProxyInformation{proxyOption=NO_PROXY, proxyServerType=HTTP, password=, proxyServerAddress=, proxyServerPort=0}"/>
         <property name="platform" value="Windows 8.1"/>
      </properties>
      <testcase name="Test Cases/spolight/logging in/login" classname="Test Cases/spolight/logging in/login" status="PASSED">
         <system-out><![CDATA[2019-01-24 15:57:05 - [TEST_CASE][PASSED] - Test Cases/spolight/logging in/login: Test Cases/spolight/logging in/login

2019-01-24 15:57:05 - [TEST_STEP][PASSED] - openBrowser(""): Browser is opened with url: ''

2019-01-24 15:57:06 - [MESSAGE][INFO] - Starting 'Chrome' driver

2019-01-24 15:57:06 - [MESSAGE][INFO] - Action delay is set to 0 seconds

2019-01-24 15:57:08 - [MESSAGE][PASSED] - Browser is opened with url: ''

2019-01-24 15:57:08 - [TEST_STEP][PASSED] - navigateToUrl("https://spotlightsuite.com/auth/login"): Navigate to 'https://spotlightsuite.com/auth/login' successfully

2019-01-24 15:57:09 - [MESSAGE][PASSED] - Navigate to 'https://spotlightsuite.com/auth/login' successfully

2019-01-24 15:57:09 - [TEST_STEP][PASSED] - maximizeWindow(): Current window maximized

2019-01-24 15:57:11 - [MESSAGE][PASSED] - Current window maximized

2019-01-24 15:57:11 - [TEST_STEP][PASSED] - waitForPageLoad(0): Wait for page load successfully

2019-01-24 15:57:11 - [MESSAGE][WARNING] - Timeout '0' is invalid. Using default page load timeout: '30'

2019-01-24 15:57:11 - [MESSAGE][PASSED] - Wait for page load successfully

2019-01-24 15:57:11 - [TEST_STEP][PASSED] - click(findTestObject("Page_SpotLight  Login/input_Email_undefined-Email-un")): Object: 'Object Repository/Page_SpotLight  Login/input_Email_undefined-Email-un' is clicked on

2019-01-24 15:57:11 - [MESSAGE][PASSED] - Object: 'Object Repository/Page_SpotLight  Login/input_Email_undefined-Email-un' is clicked on

2019-01-24 15:57:11 - [TEST_STEP][PASSED] - sendKeys(findTestObject("Page_SpotLight  Login/input_Email_undefined-Email-un"), findTestData("login spotlight").getValue(1, 1)): Keys 'jack.fletcher' sent to object: 'Object Repository/Page_SpotLight  Login/input_Email_undefined-Email-un'

2019-01-24 15:57:11 - [MESSAGE][PASSED] - Keys 'jack.fletcher' sent to object: 'Object Repository/Page_SpotLight  Login/input_Email_undefined-Email-un'

2019-01-24 15:57:11 - [TEST_STEP][PASSED] - click(findTestObject("Page_SpotLight  Login/input_Password_undefined-Passw")): Object: 'Object Repository/Page_SpotLight  Login/input_Password_undefined-Passw' is clicked on

2019-01-24 15:57:12 - [MESSAGE][PASSED] - Object: 'Object Repository/Page_SpotLight  Login/input_Password_undefined-Passw' is clicked on

2019-01-24 15:57:12 - [TEST_STEP][PASSED] - sendKeys(findTestObject("Page_SpotLight  Login/input_Password_undefined-Passw"), findTestData("login spotlight").getValue(2, 1)): Keys '11235813Drag0nforc' sent to object: 'Object Repository/Page_SpotLight  Login/input_Password_undefined-Passw'

2019-01-24 15:57:12 - [MESSAGE][PASSED] - Keys '11235813Drag0nforc' sent to object: 'Object Repository/Page_SpotLight  Login/input_Password_undefined-Passw'

2019-01-24 15:57:12 - [TEST_STEP][PASSED] - click(findTestObject("Page_SpotLight  Login/input_Forgot my password_Butto")): Object: 'Object Repository/Page_SpotLight  Login/input_Forgot my password_Butto' is clicked on

2019-01-24 15:57:12 - [MESSAGE][PASSED] - Object: 'Object Repository/Page_SpotLight  Login/input_Forgot my password_Butto' is clicked on]]></system-out>
         <system-err><![CDATA[]]></system-err>
      </testcase>
      <testcase name="Test Cases/spolight/service choice/zlcc stage" classname="Test Cases/spolight/service choice/zlcc stage" status="PASSED">
         <system-out><![CDATA[2019-01-24 15:57:12 - [TEST_CASE][PASSED] - Test Cases/spolight/service choice/zlcc stage: Test Cases/spolight/service choice/zlcc stage

2019-01-24 15:57:12 - [TEST_STEP][PASSED] - click(findTestObject("Page_SpotLight  Login/button_ZLCC Stage")): Object: 'Object Repository/Page_SpotLight  Login/button_ZLCC Stage' is clicked on

2019-01-24 15:57:12 - [MESSAGE][PASSED] - Object: 'Object Repository/Page_SpotLight  Login/button_ZLCC Stage' is clicked on

2019-01-24 15:57:12 - [TEST_STEP][PASSED] - delay(1): Delayed 1 second(s)

2019-01-24 15:57:14 - [MESSAGE][PASSED] - Delayed 1 second(s)

2019-01-24 15:57:14 - [TEST_STEP][PASSED] - click(findTestObject("Services/li_ZLCC Stage")): Object: 'Object Repository/Services/li_ZLCC Stage' is clicked on

2019-01-24 15:57:14 - [MESSAGE][PASSED] - Object: 'Object Repository/Services/li_ZLCC Stage' is clicked on

2019-01-24 15:57:14 - [TEST_STEP][PASSED] - click(findTestObject("Page_SpotLight  Login/input_ZLCC Stage_Button__Super")): Object: 'Object Repository/Page_SpotLight  Login/input_ZLCC Stage_Button__Super' is clicked on

2019-01-24 15:57:14 - [MESSAGE][PASSED] - Object: 'Object Repository/Page_SpotLight  Login/input_ZLCC Stage_Button__Super' is clicked on]]></system-out>
         <system-err><![CDATA[]]></system-err>
      </testcase>
      <testcase name="Test Cases/spolight/Select Your Application/Bespoke - Video" classname="Test Cases/spolight/Select Your Application/Bespoke - Video" status="PASSED">
         <system-out><![CDATA[2019-01-24 15:57:14 - [TEST_CASE][PASSED] - Test Cases/spolight/Select Your Application/Bespoke - Video: Test Cases/spolight/Select Your Application/Bespoke - Video

2019-01-24 15:57:14 - [TEST_STEP][PASSED] - click(findTestObject("pick your apps/Page_SpotLight  Select App - bespoke video/a")): Object: 'Object Repository/pick your apps/Page_SpotLight  Select App - bespoke video/a' is clicked on

2019-01-24 15:57:15 - [MESSAGE][PASSED] - Object: 'Object Repository/pick your apps/Page_SpotLight  Select App - bespoke video/a' is clicked on

2019-01-24 15:57:15 - [TEST_STEP][PASSED] - delay(1): Delayed 1 second(s)

2019-01-24 15:57:16 - [MESSAGE][PASSED] - Delayed 1 second(s)

2019-01-24 15:57:16 - [TEST_STEP][PASSED] - click(findTestObject("pick your apps/Page_SpotLight  Select App - bespoke video/button_Open Application")): Object: 'Object Repository/pick your apps/Page_SpotLight  Select App - bespoke video/button_Open Application' is clicked on

2019-01-24 15:57:16 - [MESSAGE][PASSED] - Object: 'Object Repository/pick your apps/Page_SpotLight  Select App - bespoke video/button_Open Application' is clicked on]]></system-out>
         <system-err><![CDATA[]]></system-err>
      </testcase>
      <testcase name="Test Cases/spolight/cars/Urus" classname="Test Cases/spolight/cars/Urus" status="PASSED">
         <system-out><![CDATA[2019-01-24 15:57:16 - [TEST_CASE][PASSED] - Test Cases/spolight/cars/Urus: Test Cases/spolight/cars/Urus

2019-01-24 15:57:16 - [TEST_STEP][PASSED] - click(findTestObject("Page_SpotLight  Select Car/div_Urus")): Object: 'Object Repository/Page_SpotLight  Select Car/div_Urus' is clicked on

2019-01-24 15:57:17 - [MESSAGE][PASSED] - Object: 'Object Repository/Page_SpotLight  Select Car/div_Urus' is clicked on

2019-01-24 15:57:17 - [TEST_STEP][PASSED] - delay(20): Delayed 20 second(s)

2019-01-24 15:57:37 - [MESSAGE][PASSED] - Delayed 20 second(s)]]></system-out>
         <system-err><![CDATA[]]></system-err>
      </testcase>
      <testcase name="Test Cases/spolight/Bespoke Video Panels/Single Render/render" classname="Test Cases/spolight/Bespoke Video Panels/Single Render/render" status="PASSED">
         <system-out><![CDATA[2019-01-24 15:57:37 - [TEST_CASE][PASSED] - Test Cases/spolight/Bespoke Video Panels/Single Render/render: Test Cases/spolight/Bespoke Video Panels/Single Render/render

2019-01-24 15:57:37 - [TEST_STEP][PASSED] - waitForElementClickable(findTestObject("Bespoke Video/Single Render/Page_SpotLight  Bespoke Video/a_Single Render"), 0): Object 'Object Repository/Bespoke Video/Single Render/Page_SpotLight  Bespoke Video/a_Single Render' is clickable

2019-01-24 15:57:37 - [MESSAGE][WARNING] - Timeout '0' is invalid. Using default page load timeout: '30'

2019-01-24 15:57:37 - [MESSAGE][PASSED] - Object 'Object Repository/Bespoke Video/Single Render/Page_SpotLight  Bespoke Video/a_Single Render' is clickable

2019-01-24 15:57:37 - [TEST_STEP][PASSED] - click(findTestObject("Bespoke Video/Single Render/Page_SpotLight  Bespoke Video/a_Single Render")): Object: 'Object Repository/Bespoke Video/Single Render/Page_SpotLight  Bespoke Video/a_Single Render' is clicked on

2019-01-24 15:57:37 - [MESSAGE][PASSED] - Object: 'Object Repository/Bespoke Video/Single Render/Page_SpotLight  Bespoke Video/a_Single Render' is clicked on]]></system-out>
         <system-err><![CDATA[]]></system-err>
      </testcase>
      <testcase name="Test Cases/spolight/Bespoke Video Panels/view content/content" classname="Test Cases/spolight/Bespoke Video Panels/view content/content" status="PASSED">
         <system-out><![CDATA[2019-01-24 15:57:37 - [TEST_CASE][PASSED] - Test Cases/spolight/Bespoke Video Panels/view content/content: Test Cases/spolight/Bespoke Video Panels/view content/content

2019-01-24 15:57:37 - [TEST_STEP][PASSED] - delay(90): Delayed 90 second(s)

2019-01-24 15:59:07 - [MESSAGE][PASSED] - Delayed 90 second(s)

2019-01-24 15:59:07 - [TEST_STEP][PASSED] - waitForElementClickable(findTestObject("manageSettings/Page_SpotLight  Shutter/li_Bespoke VideoSingle Render0"), 0): Object 'Object Repository/manageSettings/Page_SpotLight  Shutter/li_Bespoke VideoSingle Render0' is clickable

2019-01-24 15:59:07 - [MESSAGE][WARNING] - Timeout '0' is invalid. Using default page load timeout: '30'

2019-01-24 15:59:07 - [MESSAGE][PASSED] - Object 'Object Repository/manageSettings/Page_SpotLight  Shutter/li_Bespoke VideoSingle Render0' is clickable

2019-01-24 15:59:07 - [TEST_STEP][PASSED] - click(findTestObject("manageSettings/Page_SpotLight  Shutter/li_Bespoke VideoSingle Render0")): Object: 'Object Repository/manageSettings/Page_SpotLight  Shutter/li_Bespoke VideoSingle Render0' is clicked on

2019-01-24 15:59:07 - [MESSAGE][PASSED] - Object: 'Object Repository/manageSettings/Page_SpotLight  Shutter/li_Bespoke VideoSingle Render0' is clicked on

2019-01-24 15:59:07 - [TEST_STEP][PASSED] - delay(1): Delayed 1 second(s)

2019-01-24 15:59:08 - [MESSAGE][PASSED] - Delayed 1 second(s)

2019-01-24 15:59:08 - [TEST_STEP][PASSED] - click(findTestObject("manageSettings/Page_SpotLight  Shutter/viewImage")): Object: 'Object Repository/manageSettings/Page_SpotLight  Shutter/viewImage' is clicked on

2019-01-24 15:59:09 - [MESSAGE][PASSED] - Object: 'Object Repository/manageSettings/Page_SpotLight  Shutter/viewImage' is clicked on

2019-01-24 15:59:09 - [TEST_STEP][PASSED] - delay(1): Delayed 1 second(s)

2019-01-24 15:59:10 - [MESSAGE][PASSED] - Delayed 1 second(s)

2019-01-24 15:59:10 - [TEST_STEP][PASSED] - title = getWindowIndex(): Current window's index is: 0

2019-01-24 15:59:10 - [MESSAGE][PASSED] - Current window's index is: 0

2019-01-24 15:59:10 - [TEST_STEP][PASSED] - switchToWindowIndex(1): Switched to window with index: '1'

2019-01-24 15:59:10 - [MESSAGE][PASSED] - Switched to window with index: '1'

2019-01-24 15:59:10 - [TEST_STEP][PASSED] - takeScreenshot("C:\screenshots\test.png"): Taking screenshot successfully

2019-01-24 15:59:11 - [MESSAGE][PASSED] - Taking screenshot successfully
[[ATTACHMENT|C:\\screenshots\\test.png]]

2019-01-24 15:59:11 - [TEST_STEP][PASSED] - closeWindowIndex(1): Window with index 1 is closed

2019-01-24 15:59:11 - [MESSAGE][PASSED] - Window with index 1 is closed]]></system-out>
         <system-err><![CDATA[]]></system-err>
      </testcase>
      <system-out><![CDATA[2019-01-24 15:57:05 - [TEST_SUITE][PASSED] - video: Test Cases/spolight/Bespoke Video Panels/view content/content]]></system-out>
      <system-err><![CDATA[]]></system-err>
   </testsuite>
</testsuites>
